<?xml version="1.0" encoding="UTF-8"?>
<testsuite xmlns:xsi="http://www.w3.org/2001/XMLSchema-instance" xsi:noNamespaceSchemaLocation="https://maven.apache.org/surefire/maven-surefire-plugin/xsd/surefire-test-report.xsd" name="ConditionerTest" time="0.1" tests="8" errors="0" skipped="0" failures="0">
  <properties>
[...]
</properties>
  <testcase name="currentTemperatureEqualMaxTemperature" classname="ConditionerTest" time="0.056"/>
  <testcase name="currentTemperatureEqualMinTemperature" classname="ConditionerTest" time="0"/>
  <testcase name="decreaseCurrentTemperature" classname="ConditionerTest" time="0"/>
  <testcase name="decreaseCurrentTemperatureConditionerIsOFF" classname="ConditionerTest" time="0.008"/>
  <testcase name="increaseCurrentTemperatureConditionerIsOFF" classname="ConditionerTest" time="0.004"/>
  <testcase name="currentTemperatureMoreMaxTemperature" classname="ConditionerTest" time="0"/>
  <testcase name="currentTemperatureLessMinTemperature" classname="ConditionerTest" time="0"/>
  <testcase name="increaseCurrentTemperature" classname="ConditionerTest" time="0"/>
</testsuite>